# JRE version: OpenJDK Runtime Environment Temurin-17.0.6+10 (17.0.6+10) (build 17.0.6+10)
# Java VM: OpenJDK 64-Bit Server VM Temurin-17.0.6+10 (17.0.6+10, mixed mode, emulated-client, tiered, compressed oops, compressed class ptrs, g1 gc, windows-amd64)
GC Precious Log:
 CPUs: 8 total, 8 available
 Memory: 8058M
 Large Page Support: Disabled
 NUMA Support: Disabled
 Compressed Oops: Enabled (32-bit)
 Heap Region Size: 1M
 Heap Min Capacity: 8M
 Heap Initial Capacity: 126M
 Heap Max Capacity: 2016M
 Pre-touch: Disabled
 Parallel Workers: 8
 Concurrent Workers: 2
 Concurrent Refinement Workers: 8
 Periodic GC: Disabled
Heap:
 garbage-first heap   total 133120K, used 42190K [0x0000000082000000, 0x0000000100000000)
  region size 1024K, 11 young (11264K), 1 survivors (1024K)
 Metaspace       used 72067K, committed 72640K, reserved 1114112K
  class space    used 9855K, committed 10112K, reserved 1048576K
GC Heap History (20 events):
Event: 197.877 GC heap before
{Heap before GC invocations=75 (full 0):
 garbage-first heap   total 133120K, used 112421K [0x0000000082000000, 0x0000000100000000)
  region size 1024K, 78 young (79872K), 1 survivors (1024K)
 Metaspace       used 72067K, committed 72640K, reserved 1114112K
  class space    used 9855K, committed 10112K, reserved 1048576K
}
Event: 197.879 GC heap after
{Heap after GC invocations=76 (full 0):
 garbage-first heap   total 133120K, used 34385K [0x0000000082000000, 0x0000000100000000)
  region size 1024K, 1 young (1024K), 1 survivors (1024K)
 Metaspace       used 72067K, committed 72640K, reserved 1114112K
  class space    used 9855K, committed 10112K, reserved 1048576K
}
Event: 198.426 GC heap before
{Heap before GC invocations=76 (full 0):
 garbage-first heap   total 133120K, used 112209K [0x0000000082000000, 0x0000000100000000)
  region size 1024K, 78 young (79872K), 1 survivors (1024K)
 Metaspace       used 72067K, committed 72640K, reserved 1114112K
  class space    used 9855K, committed 10112K, reserved 1048576K
}
Event: 198.428 GC heap after
{Heap after GC invocations=77 (full 0):
 garbage-first heap   total 133120K, used 35276K [0x0000000082000000, 0x0000000100000000)
  region size 1024K, 2 young (2048K), 2 survivors (2048K)
 Metaspace       used 72067K, committed 72640K, reserved 1114112K
  class space    used 9855K, committed 10112K, reserved 1048576K
}
Event: 198.997 GC heap before
{Heap before GC invocations=77 (full 0):
 garbage-first heap   total 133120K, used 112076K [0x0000000082000000, 0x0000000100000000)
  region size 1024K, 78 young (79872K), 2 survivors (2048K)
 Metaspace       used 72067K, committed 72640K, reserved 1114112K
  class space    used 9855K, committed 10112K, reserved 1048576K
}
Event: 198.999 GC heap after
{Heap after GC invocations=78 (full 0):
 garbage-first heap   total 133120K, used 34577K [0x0000000082000000, 0x0000000100000000)
  region size 1024K, 1 young (1024K), 1 survivors (1024K)
 Metaspace       used 72067K, committed 72640K, reserved 1114112K
  class space    used 9855K, committed 10112K, reserved 1048576K
}
Event: 199.476 GC heap before
{Heap before GC invocations=78 (full 0):
 garbage-first heap   total 133120K, used 112401K [0x0000000082000000, 0x0000000100000000)
  region size 1024K, 78 young (79872K), 1 survivors (1024K)
 Metaspace       used 72067K, committed 72640K, reserved 1114112K
  class space    used 9855K, committed 10112K, reserved 1048576K
}
Event: 199.478 GC heap after
{Heap after GC invocations=79 (full 0):
 garbage-first heap   total 133120K, used 34856K [0x0000000082000000, 0x0000000100000000)
  region size 1024K, 2 young (2048K), 2 survivors (2048K)
 Metaspace       used 72067K, committed 72640K, reserved 1114112K
  class space    used 9855K, committed 10112K, reserved 1048576K
}
Event: 199.949 GC heap before
{Heap before GC invocations=79 (full 0):
 garbage-first heap   total 133120K, used 111656K [0x0000000082000000, 0x0000000100000000)
  region size 1024K, 78 young (79872K), 2 survivors (2048K)
 Metaspace       used 72067K, committed 72640K, reserved 1114112K
  class space    used 9855K, committed 10112K, reserved 1048576K
}
Event: 199.951 GC heap after
{Heap after GC invocations=80 (full 0):
 garbage-first heap   total 133120K, used 34388K [0x0000000082000000, 0x0000000100000000)
  region size 1024K, 1 young (1024K), 1 survivors (1024K)
 Metaspace       used 72067K, committed 72640K, reserved 1114112K
  class space    used 9855K, committed 10112K, reserved 1048576K
}
Event: 200.419 GC heap before
{Heap before GC invocations=80 (full 0):
 garbage-first heap   total 133120K, used 112212K [0x0000000082000000, 0x0000000100000000)
  region size 1024K, 78 young (79872K), 1 survivors (1024K)
 Metaspace       used 72067K, committed 72640K, reserved 1114112K
  class space    used 9855K, committed 10112K, reserved 1048576K
}
Event: 200.421 GC heap after
{Heap after GC invocations=81 (full 0):
 garbage-first heap   total 133120K, used 34365K [0x0000000082000000, 0x0000000100000000)
  region size 1024K, 1 young (1024K), 1 survivors (1024K)
 Metaspace       used 72067K, committed 72640K, reserved 1114112K
  class space    used 9855K, committed 10112K, reserved 1048576K
}
Event: 200.805 GC heap before
{Heap before GC invocations=81 (full 0):
 garbage-first heap   total 133120K, used 112189K [0x0000000082000000, 0x0000000100000000)
  region size 1024K, 78 young (79872K), 1 survivors (1024K)
 Metaspace       used 72067K, committed 72640K, reserved 1114112K
  class space    used 9855K, committed 10112K, reserved 1048576K
}
Event: 200.807 GC heap after
{Heap after GC invocations=82 (full 0):
 garbage-first heap   total 133120K, used 34070K [0x0000000082000000, 0x0000000100000000)
  region size 1024K, 1 young (1024K), 1 survivors (1024K)
 Metaspace       used 72067K, committed 72640K, reserved 1114112K
  class space    used 9855K, committed 10112K, reserved 1048576K
}
Event: 201.209 GC heap before
{Heap before GC invocations=82 (full 0):
 garbage-first heap   total 133120K, used 111894K [0x0000000082000000, 0x0000000100000000)
  region size 1024K, 78 young (79872K), 1 survivors (1024K)
 Metaspace       used 72067K, committed 72640K, reserved 1114112K
  class space    used 9855K, committed 10112K, reserved 1048576K
}
Event: 201.210 GC heap after
{Heap after GC invocations=83 (full 0):
 garbage-first heap   total 133120K, used 34418K [0x0000000082000000, 0x0000000100000000)
  region size 1024K, 1 young (1024K), 1 survivors (1024K)
 Metaspace       used 72067K, committed 72640K, reserved 1114112K
  class space    used 9855K, committed 10112K, reserved 1048576K
}
Event: 201.551 GC heap before
{Heap before GC invocations=83 (full 0):
 garbage-first heap   total 133120K, used 112242K [0x0000000082000000, 0x0000000100000000)
  region size 1024K, 78 young (79872K), 1 survivors (1024K)
 Metaspace       used 72067K, committed 72640K, reserved 1114112K
  class space    used 9855K, committed 10112K, reserved 1048576K
}
Event: 201.553 GC heap after
{Heap after GC invocations=84 (full 0):
 garbage-first heap   total 133120K, used 34393K [0x0000000082000000, 0x0000000100000000)
  region size 1024K, 1 young (1024K), 1 survivors (1024K)
 Metaspace       used 72067K, committed 72640K, reserved 1114112K
  class space    used 9855K, committed 10112K, reserved 1048576K
}
Event: 201.893 GC heap before
{Heap before GC invocations=84 (full 0):
 garbage-first heap   total 133120K, used 112217K [0x0000000082000000, 0x0000000100000000)
  region size 1024K, 78 young (79872K), 1 survivors (1024K)
 Metaspace       used 72067K, committed 72640K, reserved 1114112K
  class space    used 9855K, committed 10112K, reserved 1048576K
}
Event: 201.895 GC heap after
{Heap after GC invocations=85 (full 0):
 garbage-first heap   total 133120K, used 33899K [0x0000000082000000, 0x0000000100000000)
  region size 1024K, 1 young (1024K), 1 survivors (1024K)
 Metaspace       used 72067K, committed 72640K, reserved 1114112K
  class space    used 9855K, committed 10112K, reserved 1048576K
}

