# JRE version: OpenJDK Runtime Environment Temurin-17.0.6+10 (17.0.6+10) (build 17.0.6+10)
# Java VM: OpenJDK 64-Bit Server VM Temurin-17.0.6+10 (17.0.6+10, mixed mode, emulated-client, tiered, compressed oops, compressed class ptrs, g1 gc, windows-amd64)
GC Precious Log:
 CPUs: 8 total, 8 available
 Memory: 8058M
 Large Page Support: Disabled
 NUMA Support: Disabled
 Compressed Oops: Enabled (32-bit)
 Heap Region Size: 1M
 Heap Min Capacity: 8M
 Heap Initial Capacity: 126M
 Heap Max Capacity: 2016M
 Pre-touch: Disabled
 Parallel Workers: 8
 Concurrent Workers: 2
 Concurrent Refinement Workers: 8
 Periodic GC: Disabled
Heap:
 garbage-first heap   total 181248K, used 130451K [0x0000000082000000, 0x0000000100000000)
  region size 1024K, 98 young (100352K), 1 survivors (1024K)
 Metaspace       used 72249K, committed 72832K, reserved 1114112K
  class space    used 9891K, committed 10176K, reserved 1048576K
GC Heap History (20 events):
Event: 1355.351 GC heap before
{Heap before GC invocations=147 (full 0):
 garbage-first heap   total 181248K, used 139150K [0x0000000082000000, 0x0000000100000000)
  region size 1024K, 106 young (108544K), 1 survivors (1024K)
 Metaspace       used 72249K, committed 72832K, reserved 1114112K
  class space    used 9891K, committed 10176K, reserved 1048576K
}
Event: 1355.352 GC heap after
{Heap after GC invocations=148 (full 0):
 garbage-first heap   total 181248K, used 33605K [0x0000000082000000, 0x0000000100000000)
  region size 1024K, 2 young (2048K), 2 survivors (2048K)
 Metaspace       used 72249K, committed 72832K, reserved 1114112K
  class space    used 9891K, committed 10176K, reserved 1048576K
}
Event: 1355.733 GC heap before
{Heap before GC invocations=148 (full 0):
 garbage-first heap   total 181248K, used 139077K [0x0000000082000000, 0x0000000100000000)
  region size 1024K, 106 young (108544K), 2 survivors (2048K)
 Metaspace       used 72249K, committed 72832K, reserved 1114112K
  class space    used 9891K, committed 10176K, reserved 1048576K
}
Event: 1355.734 GC heap after
{Heap after GC invocations=149 (full 0):
 garbage-first heap   total 181248K, used 33111K [0x0000000082000000, 0x0000000100000000)
  region size 1024K, 1 young (1024K), 1 survivors (1024K)
 Metaspace       used 72249K, committed 72832K, reserved 1114112K
  class space    used 9891K, committed 10176K, reserved 1048576K
}
Event: 1356.165 GC heap before
{Heap before GC invocations=149 (full 0):
 garbage-first heap   total 181248K, used 139607K [0x0000000082000000, 0x0000000100000000)
  region size 1024K, 106 young (108544K), 1 survivors (1024K)
 Metaspace       used 72249K, committed 72832K, reserved 1114112K
  class space    used 9891K, committed 10176K, reserved 1048576K
}
Event: 1356.166 GC heap after
{Heap after GC invocations=150 (full 0):
 garbage-first heap   total 181248K, used 33147K [0x0000000082000000, 0x0000000100000000)
  region size 1024K, 1 young (1024K), 1 survivors (1024K)
 Metaspace       used 72249K, committed 72832K, reserved 1114112K
  class space    used 9891K, committed 10176K, reserved 1048576K
}
Event: 1356.555 GC heap before
{Heap before GC invocations=150 (full 0):
 garbage-first heap   total 181248K, used 139643K [0x0000000082000000, 0x0000000100000000)
  region size 1024K, 106 young (108544K), 1 survivors (1024K)
 Metaspace       used 72249K, committed 72832K, reserved 1114112K
  class space    used 9891K, committed 10176K, reserved 1048576K
}
Event: 1356.556 GC heap after
{Heap after GC invocations=151 (full 0):
 garbage-first heap   total 181248K, used 33216K [0x0000000082000000, 0x0000000100000000)
  region size 1024K, 1 young (1024K), 1 survivors (1024K)
 Metaspace       used 72249K, committed 72832K, reserved 1114112K
  class space    used 9891K, committed 10176K, reserved 1048576K
}
Event: 1356.952 GC heap before
{Heap before GC invocations=151 (full 0):
 garbage-first heap   total 181248K, used 139712K [0x0000000082000000, 0x0000000100000000)
  region size 1024K, 106 young (108544K), 1 survivors (1024K)
 Metaspace       used 72249K, committed 72832K, reserved 1114112K
  class space    used 9891K, committed 10176K, reserved 1048576K
}
Event: 1356.954 GC heap after
{Heap after GC invocations=152 (full 0):
 garbage-first heap   total 181248K, used 33154K [0x0000000082000000, 0x0000000100000000)
  region size 1024K, 1 young (1024K), 1 survivors (1024K)
 Metaspace       used 72249K, committed 72832K, reserved 1114112K
  class space    used 9891K, committed 10176K, reserved 1048576K
}
Event: 1357.349 GC heap before
{Heap before GC invocations=152 (full 0):
 garbage-first heap   total 181248K, used 139650K [0x0000000082000000, 0x0000000100000000)
  region size 1024K, 106 young (108544K), 1 survivors (1024K)
 Metaspace       used 72249K, committed 72832K, reserved 1114112K
  class space    used 9891K, committed 10176K, reserved 1048576K
}
Event: 1357.351 GC heap after
{Heap after GC invocations=153 (full 0):
 garbage-first heap   total 181248K, used 33221K [0x0000000082000000, 0x0000000100000000)
  region size 1024K, 1 young (1024K), 1 survivors (1024K)
 Metaspace       used 72249K, committed 72832K, reserved 1114112K
  class space    used 9891K, committed 10176K, reserved 1048576K
}
Event: 1357.741 GC heap before
{Heap before GC invocations=153 (full 0):
 garbage-first heap   total 181248K, used 139717K [0x0000000082000000, 0x0000000100000000)
  region size 1024K, 106 young (108544K), 1 survivors (1024K)
 Metaspace       used 72249K, committed 72832K, reserved 1114112K
  class space    used 9891K, committed 10176K, reserved 1048576K
}
Event: 1357.742 GC heap after
{Heap after GC invocations=154 (full 0):
 garbage-first heap   total 181248K, used 32906K [0x0000000082000000, 0x0000000100000000)
  region size 1024K, 1 young (1024K), 1 survivors (1024K)
 Metaspace       used 72249K, committed 72832K, reserved 1114112K
  class space    used 9891K, committed 10176K, reserved 1048576K
}
Event: 1358.372 GC heap before
{Heap before GC invocations=154 (full 0):
 garbage-first heap   total 181248K, used 139402K [0x0000000082000000, 0x0000000100000000)
  region size 1024K, 106 young (108544K), 1 survivors (1024K)
 Metaspace       used 72249K, committed 72832K, reserved 1114112K
  class space    used 9891K, committed 10176K, reserved 1048576K
}
Event: 1358.374 GC heap after
{Heap after GC invocations=155 (full 0):
 garbage-first heap   total 181248K, used 33145K [0x0000000082000000, 0x0000000100000000)
  region size 1024K, 1 young (1024K), 1 survivors (1024K)
 Metaspace       used 72249K, committed 72832K, reserved 1114112K
  class space    used 9891K, committed 10176K, reserved 1048576K
}
Event: 1359.128 GC heap before
{Heap before GC invocations=155 (full 0):
 garbage-first heap   total 181248K, used 139641K [0x0000000082000000, 0x0000000100000000)
  region size 1024K, 106 young (108544K), 1 survivors (1024K)
 Metaspace       used 72249K, committed 72832K, reserved 1114112K
  class space    used 9891K, committed 10176K, reserved 1048576K
}
Event: 1359.130 GC heap after
{Heap after GC invocations=156 (full 0):
 garbage-first heap   total 181248K, used 32920K [0x0000000082000000, 0x0000000100000000)
  region size 1024K, 1 young (1024K), 1 survivors (1024K)
 Metaspace       used 72249K, committed 72832K, reserved 1114112K
  class space    used 9891K, committed 10176K, reserved 1048576K
}
Event: 1359.867 GC heap before
{Heap before GC invocations=156 (full 0):
 garbage-first heap   total 181248K, used 139416K [0x0000000082000000, 0x0000000100000000)
  region size 1024K, 106 young (108544K), 1 survivors (1024K)
 Metaspace       used 72249K, committed 72832K, reserved 1114112K
  class space    used 9891K, committed 10176K, reserved 1048576K
}
Event: 1359.869 GC heap after
{Heap after GC invocations=157 (full 0):
 garbage-first heap   total 181248K, used 33171K [0x0000000082000000, 0x0000000100000000)
  region size 1024K, 1 young (1024K), 1 survivors (1024K)
 Metaspace       used 72249K, committed 72832K, reserved 1114112K
  class space    used 9891K, committed 10176K, reserved 1048576K
}

